[00:07:17] [Render thread/INFO] [JMLogger] JourneyMap log initialized.
[00:07:17] [Render thread/INFO] [JourneymapClient] initialize ENTER
[00:07:17] [Render thread/TRACE] [ThemeLoader] Initializing themes ...
[00:07:17] [Render thread/ERROR] [FileHandler] Couldn't locate icons for flat: C:\Users\Jonty\Desktop\mmc-stable-win32\MultiMC\instances\sams%20create%20server\.minecraft\mods\journeymap-1.16.5-5.7.1.jar\assets\journeymap\theme\flat
[00:07:17] [Render thread/INFO] [PropertiesBase] core (FirstLoaded) Setting config file to version "5.7.1": journeymap.core.config
[00:07:17] [Render thread/INFO] [PropertiesBase] core (Valid) Creating config file: C:\Users\Jonty\Desktop\mmc-stable-win32\MultiMC\instances\sams create server\.minecraft\journeymap\config\5.7\journeymap.core.config
[00:07:17] [Render thread/INFO] [PropertiesBase] fullmap (FirstLoaded) Setting config file to version "5.7.1": journeymap.fullmap.config
[00:07:17] [Render thread/INFO] [PropertiesBase] fullmap (Valid) Creating config file: C:\Users\Jonty\Desktop\mmc-stable-win32\MultiMC\instances\sams create server\.minecraft\journeymap\config\5.7\journeymap.fullmap.config
[00:07:17] [Render thread/INFO] [PropertiesBase] minimap (Initialized) Setting config file to version "5.7.1": journeymap.minimap.config
[00:07:17] [Render thread/INFO] [PropertiesBase] minimap (Valid) Creating config file: C:\Users\Jonty\Desktop\mmc-stable-win32\MultiMC\instances\sams create server\.minecraft\journeymap\config\5.7\journeymap.minimap.config
[00:07:17] [Render thread/INFO] [PropertiesBase] minimap2 (FirstLoaded) Setting config file to version "5.7.1": journeymap.minimap2.config
[00:07:17] [Render thread/INFO] [PropertiesBase] minimap2 (Valid) Creating config file: C:\Users\Jonty\Desktop\mmc-stable-win32\MultiMC\instances\sams create server\.minecraft\journeymap\config\5.7\journeymap.minimap2.config
[00:07:17] [Render thread/INFO] [PropertiesBase] topo (FirstLoaded) Setting config file to version "5.7.1": journeymap.topo.config
[00:07:17] [Render thread/INFO] [PropertiesBase] topo (Valid) Creating config file: C:\Users\Jonty\Desktop\mmc-stable-win32\MultiMC\instances\sams create server\.minecraft\journeymap\config\5.7\journeymap.topo.config
[00:07:17] [Render thread/INFO] [PropertiesBase] webmap (FirstLoaded) Setting config file to version "5.7.1": journeymap.webmap.config
[00:07:17] [Render thread/INFO] [PropertiesBase] webmap (Valid) Creating config file: C:\Users\Jonty\Desktop\mmc-stable-win32\MultiMC\instances\sams create server\.minecraft\journeymap\config\5.7\journeymap.webmap.config
[00:07:17] [Render thread/INFO] [PropertiesBase] waypoint (FirstLoaded) Setting config file to version "5.7.1": journeymap.waypoint.config
[00:07:17] [Render thread/INFO] [PropertiesBase] waypoint (Valid) Creating config file: C:\Users\Jonty\Desktop\mmc-stable-win32\MultiMC\instances\sams create server\.minecraft\journeymap\config\5.7\journeymap.waypoint.config
[00:07:17] [Render thread/INFO] [?] Version: JourneyMap 1.16.5-5.7.1, built with Forge 1.16.5-36.0.42
Forge: 36.1.0
Environment: os.name, os.arch, java.version, user.country, user.language=null, game language=en_us, locale=en_us
Features: 
	RadarPlayers : singleplayer = true , multiplayer = true
	RadarAnimals : singleplayer = true , multiplayer = true
	RadarMobs : singleplayer = true , multiplayer = true
	RadarVillagers : singleplayer = true , multiplayer = true
	MapTopo : singleplayer = true , multiplayer = true
	MapSurface : singleplayer = true , multiplayer = true
	MapCaves : singleplayer = true , multiplayer = true
MiniMapProperties{state=SavedOk, file=journeymap.minimap.config, configVersion=5.7.1, zoomLevel=0, showPlayers=true, frameAlpha=100, compassFontScale=1, terrainAlpha=100, showEntityNames=true, enabled=true, showPlayerHeading=true, showVillagers=true, info2Label=jm.theme.labelsource.gametime, sizePercent=30, showDayNight=true, info3Label=jm.theme.labelsource.location, showMobs=true, showPets=true, preferredMapType=day, showCompass=true, mobDisplay=jm.common.entity_display.small_dots, showReticle=true, orientation=jm.minimap.orientation.north, systemTimeRealFormat=HH:mm:ss, shape=jm.minimap.shape_circle, showSelf=true, info4Label=jm.theme.labelsource.biome, locationFormat=xzyv, playerDisplay=jm.common.entity_display.small_dots, showGrid=true, reticleOrientation=jm.minimap.orientation.compass, gameTimeRealFormat=HH:mm:ss, showWaypoints=true, showCaves=true, showAnimals=true, showMobHeading=true, showWaypointLabels=true, locationFormatVerbose=true, position=jm.minimap.position_topright, info1Label=jm.theme.labelsource.blank, fontScale=1}
MiniMapProperties{state=SavedOk, file=journeymap.minimap2.config, configVersion=5.7.1, zoomLevel=0, showPlayers=true, frameAlpha=100, compassFontScale=1, terrainAlpha=100, showEntityNames=true, enabled=true, showPlayerHeading=true, showVillagers=true, info2Label=jm.theme.labelsource.gametime, sizePercent=30, showDayNight=true, info3Label=jm.theme.labelsource.location, showMobs=true, showPets=true, preferredMapType=day, showCompass=true, mobDisplay=jm.common.entity_display.small_dots, showReticle=true, orientation=jm.minimap.orientation.north, systemTimeRealFormat=HH:mm:ss, shape=jm.minimap.shape_rectangle, showSelf=true, info4Label=jm.theme.labelsource.biome, locationFormat=xzyv, playerDisplay=jm.common.entity_display.small_dots, showGrid=true, reticleOrientation=jm.minimap.orientation.compass, gameTimeRealFormat=HH:mm:ss, showWaypoints=true, showCaves=true, showAnimals=true, showMobHeading=true, showWaypointLabels=true, locationFormatVerbose=true, position=jm.minimap.position_topright, info1Label=jm.theme.labelsource.blank, fontScale=1}
FullMapProperties{state=SavedOk, file=journeymap.fullmap.config, configVersion=5.7.1, mobDisplay=jm.common.entity_display.small_dots, zoomLevel=0, showPlayers=true, showSelf=true, locationFormat=xzyv, playerDisplay=jm.common.entity_display.small_dots, showGrid=true, showEntityNames=true, showPlayerHeading=true, showVillagers=true, showWaypoints=true, showCaves=true, showAnimals=true, showMobHeading=true, showKeys=true, showWaypointLabels=true, locationFormatVerbose=true, showMobs=true, showPets=true, fontScale=1, preferredMapType=day}
WaypointProperties{state=SavedOk, file=journeymap.waypoint.config, configVersion=5.7.1, autoRemoveDeathpointDistance=2, createDeathpoints=true, showName=true, dateFormat=MM-dd-yyyy, autoRemoveDeathpoints=false, maxDistance=0, autoHideLabel=true, teleportCommand=/tp {name} {x} {y} {z}, showStaticBeam=true, fullscreenDoubleClickToCreate=true, minDistance=4, timeFormat=HH:mm:ss, boldLabel=false, textureSmall=true, showDeathpointlabel=true, showDistance=true, showRotatingBeam=true, fontScale=2, showTexture=true, managerEnabled=true, beaconEnabled=true}
WebMapProperties{state=SavedOk, file=journeymap.webmap.config, configVersion=5.7.1, zoomLevel=0, showWaypoints=true, showCaves=true, showSelf=true, port=8080, showGrid=true, showEntityNames=true, enabled=false, preferredMapType=day}
CoreProperties{state=SavedOk, file=journeymap.core.config, configVersion=5.7.1, verboseColorPalette=false, maxPlayersData=32, mapSurfaceAboveCaves=true, optionsManagerViewed=null, announceMod=true, colorPassive=#bbbbbb, renderOverlayEventTypeName=ALL, mapBlendWater=false, renderDistanceSurfaceMax=7, radarVerticalDistance=16, mapBlendGrass=true, recordCacheStats=false, hideSneakingEntities=true, revealShape=jm.minimap.shape_circle, alwaysMapSurface=false, colorVillager=#88e188, mapPlants=false, colorPet=#0077ff, radarLateralDistance=64, mapBathymetry=false, mapCrops=true, maxMobsData=32, mapPlantShadows=false, alwaysMapCaves=false, checkUpdates=true, browserPoll=2000, mapBlendFoliage=true, mappingEnabled=true, colorPlayer=#ffffff, tileHighDisplayQuality=true, cacheVillagersData=2200, logLevel=INFO, maxVillagersData=32, maxAnimalsData=32, mapTransparency=true, tileRenderType=1, caveIgnoreGlass=true, mapTopography=true, renderDistanceCaveMax=3, mapAntialiasing=true, colorSelf=#0000ff, cachePlayersData=2000, cacheMobsData=3000, cachePlayerData=1000, splashViewed=null, colorHostile=#ff0000, cacheAnimalsData=3100, themeName=OceanMonument, mapCaveLighting=true, renderDelay=2, renderOverlayPreEvent=true, autoMapPoll=2000}
[00:07:17] [Render thread/INFO] [ClientAPI] [ClientAPI] built with JourneyMap API 1.6-SNAPSHOT
[00:07:17] [Render thread/INFO] [PluginHelper] Initializing plugins with Client API: journeymap.client.api.impl.ClientAPI
[00:07:17] [Render thread/INFO] [JourneymapClient] initialize EXIT, elapsed count 0 avg ?ms
[00:07:17] [Render thread/DEBUG] [JourneymapClient] postInitialize ENTER
[00:07:18] [Render thread/DEBUG] [EventHandlerManager] Handler registered: journeymap.client.forge.event.KeyEventHandler
[00:07:18] [Render thread/DEBUG] [EventHandlerManager] Handler registered: journeymap.client.forge.event.ChatEventHandler
[00:07:18] [Render thread/DEBUG] [EventHandlerManager] Handler registered: journeymap.client.forge.event.StateTickHandler
[00:07:18] [Render thread/DEBUG] [EventHandlerManager] Handler registered: journeymap.client.forge.event.WorldEventHandler
[00:07:18] [Render thread/DEBUG] [EventHandlerManager] Handler registered: journeymap.client.forge.event.WaypointBeaconHandler
[00:07:18] [Render thread/DEBUG] [EventHandlerManager] Handler registered: journeymap.client.forge.event.TextureAtlasHandler
[00:07:18] [Render thread/DEBUG] [EventHandlerManager] Handler registered: journeymap.client.forge.event.MiniMapOverlayHandler
[00:07:18] [Render thread/DEBUG] [EventHandlerManager] Handler registered: journeymap.client.forge.event.PlayerConnectHandler
[00:07:18] [Render thread/DEBUG] [EventHandlerManager] Handler registered: journeymap.client.world.ChunkMonitor
[00:07:18] [Render thread/ERROR] [FileHandler] Couldn't locate icons for Default: C:\Users\Jonty\Desktop\mmc-stable-win32\MultiMC\instances\sams%20create%20server\.minecraft\mods\journeymap-1.16.5-5.7.1.jar\assets\journeymap\icon\entity
[00:07:18] [Render thread/INFO] [IconSetFileHandler] Added entity icons from journeymap:icon/entity. Success: false
[00:07:18] [Render thread/TRACE] [ThemeLoader] Initializing themes ...
[00:07:18] [Render thread/ERROR] [FileHandler] Couldn't locate icons for flat: C:\Users\Jonty\Desktop\mmc-stable-win32\MultiMC\instances\sams%20create%20server\.minecraft\mods\journeymap-1.16.5-5.7.1.jar\assets\journeymap\theme\flat
[00:07:18] [Render thread/INFO] [ThemeLoader] Preloaded theme textures: 0
[00:07:18] [Render thread/DEBUG] [JourneymapClient] postInitialize EXIT, elapsed§8 count §r1§8 avg §r667.5§8ms§r
[00:07:19] [JM-VersionCheck-1/WARN] [VersionCheck$1] No versions found online for 1.16.5
[00:10:18] [Netty Client IO #1/INFO] [ForgeConfig] Loading JourneyMap Forge Configs
[00:10:22] [Render thread/WARN] [PropertiesBase] core (Initialized) Bad configField entry during updateFrom(): optionsManagerViewed=null
[00:10:22] [Render thread/WARN] [PropertiesBase] core (Initialized) Bad configField entry during updateFrom(): splashViewed=null
[00:10:22] [Render thread/INFO] [WaypointStore] Loaded 0 waypoints from C:\Users\Jonty\Desktop\mmc-stable-win32\MultiMC\instances\sams create server\.minecraft\journeymap\data\mp\Minecraft~Server\waypoints
[00:10:22] [Render thread/INFO] [JourneymapClient] Mapping started in C:\Users\Jonty\Desktop\mmc-stable-win32\MultiMC\instances\sams create server\.minecraft\journeymap\data\mp\Minecraft~Server\overworld. Memory: 841MB total, 187MB free 
[00:10:22] [Render thread/INFO] [ChatLog] 
[00:10:35] [Render thread/INFO] [JourneymapClient] Mapping halted in C:\Users\Jonty\Desktop\mmc-stable-win32\MultiMC\instances\sams create server\.minecraft\journeymap\data\mp\Minecraft~Server\minecraft:overworld
[00:11:03] [Netty Client IO #2/INFO] [ForgeConfig] Loading JourneyMap Forge Configs
[00:11:04] [Render thread/WARN] [PropertiesBase] core (Initialized) Bad configField entry during updateFrom(): optionsManagerViewed=null
[00:11:04] [Render thread/WARN] [PropertiesBase] core (Initialized) Bad configField entry during updateFrom(): splashViewed=null
[00:11:04] [Render thread/INFO] [WaypointStore] Loaded 0 waypoints from C:\Users\Jonty\Desktop\mmc-stable-win32\MultiMC\instances\sams create server\.minecraft\journeymap\data\mp\Minecraft~Server\waypoints
[00:11:04] [Render thread/INFO] [JourneymapClient] Mapping started in C:\Users\Jonty\Desktop\mmc-stable-win32\MultiMC\instances\sams create server\.minecraft\journeymap\data\mp\Minecraft~Server\overworld. Memory: 908MB total, 304MB free 
[00:11:10] [Render thread/INFO] [JourneymapClient] Mapping halted in C:\Users\Jonty\Desktop\mmc-stable-win32\MultiMC\instances\sams create server\.minecraft\journeymap\data\mp\Minecraft~Server\minecraft:overworld
[00:11:10] [Render thread/INFO] [JourneymapClient] World UID is set to: 665fea31-d391-45dd-a75d-5238ce27623c
[00:11:10] [Render thread/WARN] [PropertiesBase] core (Initialized) Bad configField entry during updateFrom(): optionsManagerViewed=null
[00:11:10] [Render thread/WARN] [PropertiesBase] core (Initialized) Bad configField entry during updateFrom(): splashViewed=null
[00:11:10] [Render thread/INFO] [WaypointStore] Loaded 0 waypoints from C:\Users\Jonty\Desktop\mmc-stable-win32\MultiMC\instances\sams create server\.minecraft\journeymap\data\mp\Minecraft~Server_665fea31~d391~45dd~a75d~5238ce27623c\waypoints
[00:11:10] [Render thread/INFO] [JourneymapClient] Mapping started in C:\Users\Jonty\Desktop\mmc-stable-win32\MultiMC\instances\sams create server\.minecraft\journeymap\data\mp\Minecraft~Server_665fea31~d391~45dd~a75d~5238ce27623c\overworld. Memory: 935MB total, 274MB free 
[00:19:26] [Render thread/INFO] [StateTickHandler] TextComponent{text='jontyMS', siblings=[], style=Style{ color=null, bold=null, italic=null, underlined=null, strikethrough=null, obfuscated=null, clickEvent=null, hoverEvent=null, insertion=null, font=minecraft:default}} died at BlockPos{x=-9, y=40, z=36}. Deathpoints enabled: true. Deathpoint created: true
[00:26:48] [Render thread/INFO] [StateTickHandler] TextComponent{text='jontyMS', siblings=[], style=Style{ color=null, bold=null, italic=null, underlined=null, strikethrough=null, obfuscated=null, clickEvent=null, hoverEvent=null, insertion=null, font=minecraft:default}} died at BlockPos{x=90, y=69, z=105}. Deathpoints enabled: true. Deathpoint created: true
[00:35:10] [Render thread/INFO] [StatTimer] TileDrawStep.updateRegionTexture hit max count, 1000000
[00:35:49] [Render thread/INFO] [StatTimer] TileDrawStep.draw(low) hit max count, 1000000
[00:49:56] [Render thread/INFO] [JourneymapClient] Mapping halted in C:\Users\Jonty\Desktop\mmc-stable-win32\MultiMC\instances\sams create server\.minecraft\journeymap\data\mp\Minecraft~Server_665fea31~d391~45dd~a75d~5238ce27623c\minecraft:overworld
[00:49:57] [Render thread/INFO] [MappingMonitorTask] World ID has been reset.
[00:49:57] [Render thread/INFO] [JourneymapClient] World UID is set to: null
